2025-12-04 08:02:55 - __main__ - INFO - ======================================================================
2025-12-04 08:02:55 - __main__ - INFO - Traffic Detection & Counting System v2.0.0
2025-12-04 08:02:55 - __main__ - INFO - ======================================================================
2025-12-04 08:05:44 - __main__ - INFO - ======================================================================
2025-12-04 08:05:44 - __main__ - INFO - Traffic Detection & Counting System v2.0.0
2025-12-04 08:05:44 - __main__ - INFO - ======================================================================
2025-12-04 08:07:41 - __main__ - INFO - Application interrupted by user
2025-12-04 08:07:58 - __main__ - INFO - ======================================================================
2025-12-04 08:07:58 - __main__ - INFO - Traffic Detection & Counting System v2.0.0
2025-12-04 08:07:58 - __main__ - INFO - ======================================================================
2025-12-04 08:09:09 - __main__ - INFO - ======================================================================
2025-12-04 08:09:09 - __main__ - INFO - PROCESSING SUMMARY
2025-12-04 08:09:09 - __main__ - INFO - ======================================================================
2025-12-04 08:09:09 - __main__ - INFO - Frames processed: 34
2025-12-04 08:09:09 - __main__ - INFO - Total vehicles: 8
2025-12-04 08:09:09 - __main__ - INFO - Vehicle breakdown:
2025-12-04 08:09:09 - __main__ - INFO -   Bus: 2
2025-12-04 08:09:09 - __main__ - INFO -   Car: 6
2025-12-04 08:09:09 - __main__ - INFO - ======================================================================
2025-12-04 08:18:31 - __main__ - INFO - ======================================================================
2025-12-04 08:18:31 - __main__ - INFO - Traffic Detection & Counting System v2.0.0
2025-12-04 08:18:31 - __main__ - INFO - ======================================================================
2025-12-04 08:20:08 - __main__ - INFO - ======================================================================
2025-12-04 08:20:08 - __main__ - INFO - PROCESSING SUMMARY
2025-12-04 08:20:08 - __main__ - INFO - ======================================================================
2025-12-04 08:20:08 - __main__ - INFO - Frames processed: 65
2025-12-04 08:20:08 - __main__ - INFO - Total vehicles: 5
2025-12-04 08:20:08 - __main__ - INFO - Vehicle breakdown:
2025-12-04 08:20:08 - __main__ - INFO -   Car: 4
2025-12-04 08:20:08 - __main__ - INFO -   Motorcycle: 1
2025-12-04 08:20:08 - __main__ - INFO - ======================================================================
